<?xml version="1.0" encoding="UTF-8"?>
<testsuite xmlns:xsi="http://www.w3.org/2001/XMLSchema-instance" xsi:noNamespaceSchemaLocation="https://maven.apache.org/surefire/maven-surefire-plugin/xsd/surefire-test-report.xsd" version="3.0.2" name="hellocucumber.RunCucumberTest" time="1.016" tests="17" errors="0" skipped="0" failures="0">
  <properties>
    <property name="java.specification.version" value="22"/>
    <property name="sun.cpu.isalist" value="amd64"/>
    <property name="sun.jnu.encoding" value="Cp1252"/>
    <property name="java.class.path" value="C:\hellocucumber\target\test-classes;C:\hellocucumber\target\classes;C:\Users\PC\.m2\repository\io\cucumber\cucumber-java\7.18.1\cucumber-java-7.18.1.jar;C:\Users\PC\.m2\repository\io\cucumber\cucumber-core\7.18.1\cucumber-core-7.18.1.jar;C:\Users\PC\.m2\repository\io\cucumber\cucumber-gherkin\7.18.1\cucumber-gherkin-7.18.1.jar;C:\Users\PC\.m2\repository\io\cucumber\cucumber-gherkin-messages\7.18.1\cucumber-gherkin-messages-7.18.1.jar;C:\Users\PC\.m2\repository\io\cucumber\gherkin\28.0.0\gherkin-28.0.0.jar;C:\Users\PC\.m2\repository\io\cucumber\messages\24.1.0\messages-24.1.0.jar;C:\Users\PC\.m2\repository\io\cucumber\testng-xml-formatter\0.2.0\testng-xml-formatter-0.2.0.jar;C:\Users\PC\.m2\repository\io\cucumber\query\12.2.0\query-12.2.0.jar;C:\Users\PC\.m2\repository\io\cucumber\tag-expressions\6.1.0\tag-expressions-6.1.0.jar;C:\Users\PC\.m2\repository\io\cucumber\cucumber-expressions\17.1.0\cucumber-expressions-17.1.0.jar;C:\Users\PC\.m2\repository\io\cucumber\datatable\7.18.1\datatable-7.18.1.jar;C:\Users\PC\.m2\repository\io\cucumber\cucumber-plugin\7.18.1\cucumber-plugin-7.18.1.jar;C:\Users\PC\.m2\repository\io\cucumber\docstring\7.18.1\docstring-7.18.1.jar;C:\Users\PC\.m2\repository\io\cucumber\html-formatter\21.4.1\html-formatter-21.4.1.jar;C:\Users\PC\.m2\repository\io\cucumber\junit-xml-formatter\0.5.0\junit-xml-formatter-0.5.0.jar;C:\Users\PC\.m2\repository\io\cucumber\ci-environment\10.0.1\ci-environment-10.0.1.jar;C:\Users\PC\.m2\repository\org\apiguardian\apiguardian-api\1.1.2\apiguardian-api-1.1.2.jar;C:\Users\PC\.m2\repository\io\cucumber\cucumber-junit-platform-engine\7.18.1\cucumber-junit-platform-engine-7.18.1.jar;C:\Users\PC\.m2\repository\org\junit\platform\junit-platform-engine\1.10.3\junit-platform-engine-1.10.3.jar;C:\Users\PC\.m2\repository\org\opentest4j\opentest4j\1.3.0\opentest4j-1.3.0.jar;C:\Users\PC\.m2\repository\org\junit\platform\junit-platform-commons\1.10.3\junit-platform-commons-1.10.3.jar;C:\Users\PC\.m2\repository\org\junit\platform\junit-platform-suite\1.10.3\junit-platform-suite-1.10.3.jar;C:\Users\PC\.m2\repository\org\junit\platform\junit-platform-suite-api\1.10.3\junit-platform-suite-api-1.10.3.jar;C:\Users\PC\.m2\repository\org\junit\platform\junit-platform-suite-engine\1.10.3\junit-platform-suite-engine-1.10.3.jar;C:\Users\PC\.m2\repository\org\junit\platform\junit-platform-suite-commons\1.10.3\junit-platform-suite-commons-1.10.3.jar;C:\Users\PC\.m2\repository\org\junit\platform\junit-platform-launcher\1.10.3\junit-platform-launcher-1.10.3.jar;C:\Users\PC\.m2\repository\org\junit\jupiter\junit-jupiter\5.10.3\junit-jupiter-5.10.3.jar;C:\Users\PC\.m2\repository\org\junit\jupiter\junit-jupiter-api\5.10.3\junit-jupiter-api-5.10.3.jar;C:\Users\PC\.m2\repository\org\junit\jupiter\junit-jupiter-params\5.10.3\junit-jupiter-params-5.10.3.jar;C:\Users\PC\.m2\repository\org\junit\jupiter\junit-jupiter-engine\5.10.3\junit-jupiter-engine-5.10.3.jar;"/>
    <property name="java.vm.vendor" value="Oracle Corporation"/>
    <property name="sun.arch.data.model" value="64"/>
    <property name="user.variant" value=""/>
    <property name="java.vendor.url" value="https://java.oracle.com/"/>
    <property name="user.timezone" value="Africa/Johannesburg"/>
    <property name="os.name" value="Windows 10"/>
    <property name="java.vm.specification.version" value="22"/>
    <property name="sun.java.launcher" value="SUN_STANDARD"/>
    <property name="user.country" value="US"/>
    <property name="sun.boot.library.path" value="C:\Program Files\Java\jdk-22\bin"/>
    <property name="sun.java.command" value="C:\Users\PC\AppData\Local\Temp\surefire1579513994521057036\surefirebooter-20241003100809158_3.jar C:\Users\PC\AppData\Local\Temp\surefire1579513994521057036 2024-10-03T10-08-08_830-jvmRun1 surefire-20241003100809158_1tmp surefire_0-20241003100809158_2tmp"/>
    <property name="jdk.debug" value="release"/>
    <property name="surefire.test.class.path" value="C:\hellocucumber\target\test-classes;C:\hellocucumber\target\classes;C:\Users\PC\.m2\repository\io\cucumber\cucumber-java\7.18.1\cucumber-java-7.18.1.jar;C:\Users\PC\.m2\repository\io\cucumber\cucumber-core\7.18.1\cucumber-core-7.18.1.jar;C:\Users\PC\.m2\repository\io\cucumber\cucumber-gherkin\7.18.1\cucumber-gherkin-7.18.1.jar;C:\Users\PC\.m2\repository\io\cucumber\cucumber-gherkin-messages\7.18.1\cucumber-gherkin-messages-7.18.1.jar;C:\Users\PC\.m2\repository\io\cucumber\gherkin\28.0.0\gherkin-28.0.0.jar;C:\Users\PC\.m2\repository\io\cucumber\messages\24.1.0\messages-24.1.0.jar;C:\Users\PC\.m2\repository\io\cucumber\testng-xml-formatter\0.2.0\testng-xml-formatter-0.2.0.jar;C:\Users\PC\.m2\repository\io\cucumber\query\12.2.0\query-12.2.0.jar;C:\Users\PC\.m2\repository\io\cucumber\tag-expressions\6.1.0\tag-expressions-6.1.0.jar;C:\Users\PC\.m2\repository\io\cucumber\cucumber-expressions\17.1.0\cucumber-expressions-17.1.0.jar;C:\Users\PC\.m2\repository\io\cucumber\datatable\7.18.1\datatable-7.18.1.jar;C:\Users\PC\.m2\repository\io\cucumber\cucumber-plugin\7.18.1\cucumber-plugin-7.18.1.jar;C:\Users\PC\.m2\repository\io\cucumber\docstring\7.18.1\docstring-7.18.1.jar;C:\Users\PC\.m2\repository\io\cucumber\html-formatter\21.4.1\html-formatter-21.4.1.jar;C:\Users\PC\.m2\repository\io\cucumber\junit-xml-formatter\0.5.0\junit-xml-formatter-0.5.0.jar;C:\Users\PC\.m2\repository\io\cucumber\ci-environment\10.0.1\ci-environment-10.0.1.jar;C:\Users\PC\.m2\repository\org\apiguardian\apiguardian-api\1.1.2\apiguardian-api-1.1.2.jar;C:\Users\PC\.m2\repository\io\cucumber\cucumber-junit-platform-engine\7.18.1\cucumber-junit-platform-engine-7.18.1.jar;C:\Users\PC\.m2\repository\org\junit\platform\junit-platform-engine\1.10.3\junit-platform-engine-1.10.3.jar;C:\Users\PC\.m2\repository\org\opentest4j\opentest4j\1.3.0\opentest4j-1.3.0.jar;C:\Users\PC\.m2\repository\org\junit\platform\junit-platform-commons\1.10.3\junit-platform-commons-1.10.3.jar;C:\Users\PC\.m2\repository\org\junit\platform\junit-platform-suite\1.10.3\junit-platform-suite-1.10.3.jar;C:\Users\PC\.m2\repository\org\junit\platform\junit-platform-suite-api\1.10.3\junit-platform-suite-api-1.10.3.jar;C:\Users\PC\.m2\repository\org\junit\platform\junit-platform-suite-engine\1.10.3\junit-platform-suite-engine-1.10.3.jar;C:\Users\PC\.m2\repository\org\junit\platform\junit-platform-suite-commons\1.10.3\junit-platform-suite-commons-1.10.3.jar;C:\Users\PC\.m2\repository\org\junit\platform\junit-platform-launcher\1.10.3\junit-platform-launcher-1.10.3.jar;C:\Users\PC\.m2\repository\org\junit\jupiter\junit-jupiter\5.10.3\junit-jupiter-5.10.3.jar;C:\Users\PC\.m2\repository\org\junit\jupiter\junit-jupiter-api\5.10.3\junit-jupiter-api-5.10.3.jar;C:\Users\PC\.m2\repository\org\junit\jupiter\junit-jupiter-params\5.10.3\junit-jupiter-params-5.10.3.jar;C:\Users\PC\.m2\repository\org\junit\jupiter\junit-jupiter-engine\5.10.3\junit-jupiter-engine-5.10.3.jar;"/>
    <property name="sun.cpu.endian" value="little"/>
    <property name="user.home" value="C:\Users\PC"/>
    <property name="user.language" value="en"/>
    <property name="java.specification.vendor" value="Oracle Corporation"/>
    <property name="java.version.date" value="2024-07-16"/>
    <property name="java.home" value="C:\Program Files\Java\jdk-22"/>
    <property name="file.separator" value="\"/>
    <property name="basedir" value="C:\hellocucumber"/>
    <property name="java.vm.compressedOopsMode" value="32-bit"/>
    <property name="line.separator" value="&#10;"/>
    <property name="java.vm.specification.vendor" value="Oracle Corporation"/>
    <property name="java.specification.name" value="Java Platform API Specification"/>
    <property name="surefire.real.class.path" value="C:\Users\PC\AppData\Local\Temp\surefire1579513994521057036\surefirebooter-20241003100809158_3.jar"/>
    <property name="user.script" value=""/>
    <property name="sun.management.compiler" value="HotSpot 64-Bit Tiered Compilers"/>
    <property name="java.runtime.version" value="22.0.2+9-70"/>
    <property name="user.name" value="PC"/>
    <property name="stdout.encoding" value="Cp1252"/>
    <property name="path.separator" value=";"/>
    <property name="os.version" value="10.0"/>
    <property name="java.runtime.name" value="Java(TM) SE Runtime Environment"/>
    <property name="file.encoding" value="UTF-8"/>
    <property name="java.vm.name" value="Java HotSpot(TM) 64-Bit Server VM"/>
    <property name="localRepository" value="C:\Users\PC\.m2\repository"/>
    <property name="java.vendor.url.bug" value="https://bugreport.java.com/bugreport/"/>
    <property name="java.io.tmpdir" value="C:\Users\PC\AppData\Local\Temp\"/>
    <property name="java.version" value="22.0.2"/>
    <property name="user.dir" value="C:\hellocucumber"/>
    <property name="os.arch" value="amd64"/>
    <property name="java.vm.specification.name" value="Java Virtual Machine Specification"/>
    <property name="sun.os.patch.level" value=""/>
    <property name="native.encoding" value="Cp1252"/>
    <property name="java.library.path" value="C:\Program Files\Java\jdk-22\bin;C:\Windows\Sun\Java\bin;C:\Windows\system32;C:\Windows;C:\Program Files\Common Files\Oracle\Java\javapath;C:\Windows\system32;C:\Windows;C:\Windows\System32\Wbem;C:\Windows\System32\WindowsPowerShell\v1.0\;C:\Windows\System32\OpenSSH\;C:\Users\PC\Desktop\aircrack-ng-1.2-rc2-win\bin;C:\Program Files\Perforce\Helix ALM;C:\Program Files\Git\cmd;C:\Users\PC\AppData\Local\Microsoft\WindowsApps;C:\Users\PC\AppData\Local\Programs\Fiddler;C:\Program Files\TestProject Agent;C:\Program Files\JetBrains\IntelliJ IDEA Community Edition 2024.2.0.2\bin;;C:\Program Files\Apache\maven\apache-maven-3.9.9\bin;;."/>
    <property name="java.vm.info" value="mixed mode, sharing"/>
    <property name="stderr.encoding" value="Cp1252"/>
    <property name="java.vendor" value="Oracle Corporation"/>
    <property name="java.vm.version" value="22.0.2+9-70"/>
    <property name="sun.io.unicode.encoding" value="UnicodeLittle"/>
    <property name="java.class.version" value="66.0"/>
  </properties>
  <testcase name="Demande de congé par un employé" classname="Processus de demande de congé" time="0.203">
    <system-out><![CDATA[
Scenario: Demande de congé par un employé                               &amp#27;[90m# hellocucumber/Demande_de_conge.feature:3&amp#27;[0m
  &amp#27;[32mGiven &amp#27;[0m&amp#27;[32ml'employé a besoin d'un congé&amp#27;[0m                                   &amp#27;[90m# hellocucumber.DemandeCongeSteps.employeBesoinConge()&amp#27;[0m
  &amp#27;[32mWhen &amp#27;[0m&amp#27;[32ml'employé remplit le formulaire de demande&amp#27;[0m                       &amp#27;[90m# hellocucumber.DemandeCongeSteps.employeRemplitFormulaire()&amp#27;[0m
Le team leader Team Leader a reçu la demande de Nom de l'employé
Le chef de projet Project Manager a reçu la demande de Nom de l'employé
  &amp#27;[32mAnd &amp#27;[0m&amp#27;[32ml'employé transmet la demande au team leader et au chef de projet&amp#27;[0m &amp#27;[90m# hellocucumber.DemandeCongeSteps.employeTransmetDemande()&amp#27;[0m
  &amp#27;[32mThen &amp#27;[0m&amp#27;[32mle team leader reçoit le mail de demande&amp#27;[0m                         &amp#27;[90m# hellocucumber.DemandeCongeSteps.teamLeadReçoitMailDemande()&amp#27;[0m
]]></system-out>
  </testcase>
  <testcase name="Analyse de la demande par le team leader" classname="Processus de demande de congé" time="0.031">
    <system-out><![CDATA[
Scenario: Analyse de la demande par le team leader        &amp#27;[90m# hellocucumber/Demande_de_conge.feature:9&amp#27;[0m
Analyse de la demande de Nom de l'employé
  &amp#27;[32mWhen &amp#27;[0m&amp#27;[32mle team leader fait l'analyse de la demande&amp#27;[0m        &amp#27;[90m# hellocucumber.DemandeCongeSteps.teamLeadAnalyseDemande()&amp#27;[0m
  &amp#27;[32mAnd &amp#27;[0m&amp#27;[32mle team leader vérifie le nombre de congés restants&amp#27;[0m &amp#27;[90m# hellocucumber.DemandeCongeSteps.teamLeadVerifieCongesRestants()&amp#27;[0m
  &amp#27;[32mThen &amp#27;[0m&amp#27;[32msi le team leader refuse la demande&amp#27;[0m                &amp#27;[90m# hellocucumber.DemandeCongeSteps.teamLeadRefuseDemande()&amp#27;[0m
  &amp#27;[32mThen &amp#27;[0m&amp#27;[32mil élabore les commentaires de refus&amp#27;[0m               &amp#27;[90m# hellocucumber.DemandeCongeSteps.ilÉlaboreLesCommentairesDeRefus()&amp#27;[0m
  &amp#27;[32mAnd &amp#27;[0m&amp#27;[32mles transmet à l'employé&amp#27;[0m                            &amp#27;[90m# hellocucumber.DemandeCongeSteps.lesTransmetÀLEmployé()&amp#27;[0m
]]></system-out>
  </testcase>
  <testcase name="Notification de refus à l&apos;employé" classname="Processus de demande de congé" time="0.032">
    <system-out><![CDATA[
Scenario: Notification de refus à l'employé                    &amp#27;[90m# hellocucumber/Demande_de_conge.feature:16&amp#27;[0m
Notification de refus reçue. Commentaires : null
  &amp#27;[32mWhen &amp#27;[0m&amp#27;[32ml'employé reçoit la notification de refus de sa demande&amp#27;[0m &amp#27;[90m# hellocucumber.DemandeCongeSteps.employeRecevoitNotificationRefus()&amp#27;[0m
  &amp#27;[32mThen &amp#27;[0m&amp#27;[32msi le team leader passe à la vérification du planning&amp#27;[0m   &amp#27;[90m# hellocucumber.DemandeCongeSteps.teamLeadVerifiePlanning()&amp#27;[0m
Notification de refus reçue. Commentaires : Demande de congé refusée en raison de...
  &amp#27;[32mThen &amp#27;[0m&amp#27;[32msi le team leader refuse la demande&amp#27;[0m                     &amp#27;[90m# hellocucumber.DemandeCongeSteps.teamLeadRefuseDemande()&amp#27;[0m
  &amp#27;[32mThen &amp#27;[0m&amp#27;[32mil élabore les commentaires de refus&amp#27;[0m                    &amp#27;[90m# hellocucumber.DemandeCongeSteps.ilÉlaboreLesCommentairesDeRefus()&amp#27;[0m
  &amp#27;[32mAnd &amp#27;[0m&amp#27;[32mles transmet à l'employé&amp#27;[0m                                 &amp#27;[90m# hellocucumber.DemandeCongeSteps.lesTransmetÀLEmployé()&amp#27;[0m
]]></system-out>
  </testcase>
  <testcase name="Validation de la demande par le team leader" classname="Processus de demande de congé" time="0.016">
    <system-out><![CDATA[
Scenario: Validation de la demande par le team leader &amp#27;[90m# hellocucumber/Demande_de_conge.feature:23&amp#27;[0m
  &amp#27;[32mWhen &amp#27;[0m&amp#27;[32mle team leader valide la demande&amp#27;[0m               &amp#27;[90m# hellocucumber.DemandeCongeSteps.teamLeadValideDemande()&amp#27;[0m
Le chef de projet Project Manager a reçu la demande de Nom de l'employé
  &amp#27;[32mThen &amp#27;[0m&amp#27;[32mil transmet la demande au chef de projet&amp#27;[0m       &amp#27;[90m# hellocucumber.DemandeCongeSteps.transmetDemandeChefProjet()&amp#27;[0m
]]></system-out>
  </testcase>
  <testcase name="Analyse par le chef de projet" classname="Processus de demande de congé" time="0.047">
    <system-out><![CDATA[
Scenario: Analyse par le chef de projet                      &amp#27;[90m# hellocucumber/Demande_de_conge.feature:27&amp#27;[0m
  &amp#27;[32mGiven &amp#27;[0m&amp#27;[32mle chef de projet reçoit la validation de la demande&amp#27;[0m &amp#27;[90m# hellocucumber.DemandeCongeSteps.chefProjetReçoitValidation()&amp#27;[0m
Analyse de la demande de Nom de l'employé
  &amp#27;[32mWhen &amp#27;[0m&amp#27;[32mle chef de projet fait l'analyse et le traitement&amp#27;[0m     &amp#27;[90m# hellocucumber.DemandeCongeSteps.chefProjetAnalyseTraitement()&amp#27;[0m
  &amp#27;[32mThen &amp#27;[0m&amp#27;[32msi le chef de projet refuse la demande&amp#27;[0m                &amp#27;[90m# hellocucumber.DemandeCongeSteps.chefProjetRefuseDemande()&amp#27;[0m
  &amp#27;[32mThen &amp#27;[0m&amp#27;[32mil élabore les commentaires de refus&amp#27;[0m                  &amp#27;[90m# hellocucumber.DemandeCongeSteps.ilÉlaboreLesCommentairesDeRefus()&amp#27;[0m
  &amp#27;[32mAnd &amp#27;[0m&amp#27;[32mles transmet à l'employé&amp#27;[0m                               &amp#27;[90m# hellocucumber.DemandeCongeSteps.lesTransmetÀLEmployé()&amp#27;[0m
]]></system-out>
  </testcase>
  <testcase name="Validation par le chef de projet" classname="Processus de demande de congé" time="0.016">
    <system-out><![CDATA[
Scenario: Validation par le chef de projet           &amp#27;[90m# hellocucumber/Demande_de_conge.feature:34&amp#27;[0m
Demande de Nom de l'employé validée par le chef de projet Project Manager
  &amp#27;[32mWhen &amp#27;[0m&amp#27;[32mle chef de projet valide la demande&amp#27;[0m           &amp#27;[90m# hellocucumber.DemandeCongeSteps.chefProjetValideDemande()&amp#27;[0m
Le directeur technique Technical Director a reçu la demande de Nom de l'employé
  &amp#27;[32mThen &amp#27;[0m&amp#27;[32mil transmet la demande au directeur technique&amp#27;[0m &amp#27;[90m# hellocucumber.DemandeCongeSteps.transmetDemandeDirecteurTechnique()&amp#27;[0m
]]></system-out>
  </testcase>
  <testcase name="Analyse par le directeur technique" classname="Processus de demande de congé" time="0.047">
    <system-out><![CDATA[
Scenario: Analyse par le directeur technique                             &amp#27;[90m# hellocucumber/Demande_de_conge.feature:38&amp#27;[0m
  &amp#27;[32mGiven &amp#27;[0m&amp#27;[32mle directeur technique reçoit la notification de validation&amp#27;[0m      &amp#27;[90m# hellocucumber.DemandeCongeSteps.directeurTechniqueReçoitNotification()&amp#27;[0m
Analyse de la demande de Nom de l'employé
  &amp#27;[32mWhen &amp#27;[0m&amp#27;[32mle directeur technique fait l'analyse et le traitement&amp#27;[0m            &amp#27;[90m# hellocucumber.DemandeCongeSteps.directeurTechniqueAnalyseTraitement()&amp#27;[0m
Notification de validation envoyée à Nom de l'employé
  &amp#27;[32mThen &amp#27;[0m&amp#27;[32msi le directeur technique valide la demande&amp#27;[0m                       &amp#27;[90m# hellocucumber.DemandeCongeSteps.directeurTechniqueValideDemande()&amp#27;[0m
  &amp#27;[32mThen &amp#27;[0m&amp#27;[32mil transmet à l'employé et au responsable des ressources humaines&amp#27;[0m &amp#27;[90m# hellocucumber.DemandeCongeSteps.ilTransmetÀLEmployéEtAuResponsableDesRessourcesHumaines()&amp#27;[0m
]]></system-out>
  </testcase>
  <testcase name="Notifications finales" classname="Processus de demande de congé" time="0.015">
    <system-out><![CDATA[
Scenario: Notifications finales                                                                          &amp#27;[90m# hellocucumber/Demande_de_conge.feature:44&amp#27;[0m
Notification de validation reçue.
  &amp#27;[32mWhen &amp#27;[0m&amp#27;[32ml'employé reçoit la notification de validation de la demande par mail&amp#27;[0m                             &amp#27;[90m# hellocucumber.DemandeCongeSteps.employeRecevoitNotificationValidation()&amp#27;[0m
  &amp#27;[32mAnd &amp#27;[0m&amp#27;[32mle responsable des ressources humaines reçoit la notification de validation de la demande par mail&amp#27;[0m &amp#27;[90m# hellocucumber.DemandeCongeSteps.rhRecevoitNotificationValidation()&amp#27;[0m
]]></system-out>
  </testcase>
  <testcase name="Refus final par le directeur technique" classname="Processus de demande de congé" time="0.032">
    <system-out><![CDATA[
Scenario: Refus final par le directeur technique                              &amp#27;[90m# hellocucumber/Demande_de_conge.feature:48&amp#27;[0m
  &amp#27;[32mWhen &amp#27;[0m&amp#27;[32mle directeur technique élabore les commentaires de refus de la demande&amp#27;[0m &amp#27;[90m# hellocucumber.DemandeCongeSteps.le_directeur_technique_élabore_les_commentaires_de_refus_de_la_demande()&amp#27;[0m
Notification de refus reçue. Commentaires : Demande refusée par le directeur technique.
  &amp#27;[32mThen &amp#27;[0m&amp#27;[32mil transmet à l'employé&amp#27;[0m                                                &amp#27;[90m# hellocucumber.DemandeCongeSteps.il_transmet_à_l_employé()&amp#27;[0m
Notification de refus reçue. Commentaires : Demande refusée par le directeur technique.
  &amp#27;[32mWhen &amp#27;[0m&amp#27;[32ml'employé reçoit la notification de refus de la demande&amp#27;[0m                &amp#27;[90m# hellocucumber.DemandeCongeSteps.l_employé_reçoit_la_notification_de_refus_de_la_demande()&amp#27;[0m
  &amp#27;[32mThen &amp#27;[0m&amp#27;[32mavec les commentaires&amp#27;[0m                                                  &amp#27;[90m# hellocucumber.DemandeCongeSteps.avec_les_commentaires()&amp#27;[0m
]]></system-out>
  </testcase>
  <testcase name="Réception et gestion d&apos;une tâche" classname="Gestion d&apos;action-list" time="0.047">
    <system-out><![CDATA[
Scenario: Réception et gestion d'une tâche                     &amp#27;[90m# hellocucumber/Gestion_action_list.feature:3&amp#27;[0m
Tâche reçue par le TL/TLA: hellocucumber.Task@7d286fb6
  &amp#27;[32mGiven &amp#27;[0m&amp#27;[32mle TL/TLA reçoit une tâche du management&amp#27;[0m               &amp#27;[90m# hellocucumber.GestionActionListSteps.le_tl_tla_reçoit_une_tâche_du_management()&amp#27;[0m
Informations notées pour la tâche: hellocucumber.Task@7d286fb6
  &amp#27;[32mWhen &amp#27;[0m&amp#27;[32mle TL/TLA note toutes les informations liées à la tâche&amp#27;[0m &amp#27;[90m# hellocucumber.GestionActionListSteps.le_tl_tla_note_toutes_les_informations_liées_à_la_tâche()&amp#27;[0m
  &amp#27;[32mAnd &amp#27;[0m&amp#27;[32mla tâche dépasse le délai prévu&amp#27;[0m                          &amp#27;[90m# hellocucumber.GestionActionListSteps.taskExceedsDeadline()&amp#27;[0m
Notification: La tâche En cours est en retard.
  &amp#27;[32mThen &amp#27;[0m&amp#27;[32mune notification est envoyée&amp#27;[0m                            &amp#27;[90m# hellocucumber.GestionActionListSteps.notificationIsSent()&amp#27;[0m
  &amp#27;[32mAnd &amp#27;[0m&amp#27;[32mle statut de la tâche est actualisé&amp#27;[0m                      &amp#27;[90m# hellocucumber.GestionActionListSteps.taskStatusIsUpdated()&amp#27;[0m
]]></system-out>
  </testcase>
  <testcase name="Déclaration d&apos;une absence par un employé" classname="Processus de déclaration d&apos;absence" time="0.031">
    <system-out><![CDATA[
Scenario: Déclaration d'une absence par un employé              &amp#27;[90m# hellocucumber/declaration_d_absence.feature:3&amp#27;[0m
  &amp#27;[32mGiven &amp#27;[0m&amp#27;[32ml'employé a besoin de déclarer une absence&amp#27;[0m              &amp#27;[90m# hellocucumber.AbsenceDeclarationSteps.employeeNeedsToDeclareAbsence()&amp#27;[0m
  &amp#27;[32mWhen &amp#27;[0m&amp#27;[32ml'employé remplit le formulaire de déclaration d'absence&amp#27;[0m &amp#27;[90m# hellocucumber.AbsenceDeclarationSteps.employeeFillsAbsenceForm()&amp#27;[0m
  &amp#27;[32mAnd &amp#27;[0m&amp#27;[32msoumet la déclaration&amp#27;[0m                                     &amp#27;[90m# hellocucumber.AbsenceDeclarationSteps.employeeSubmitsDeclaration()&amp#27;[0m
  &amp#27;[32mThen &amp#27;[0m&amp#27;[32mle Team Leader reçoit l'email de demande et valide&amp#27;[0m       &amp#27;[90m# hellocucumber.AbsenceDeclarationSteps.teamLeaderReceivesAndValidatesRequest()&amp#27;[0m
  &amp#27;[32mAnd &amp#27;[0m&amp#27;[32mla déclaration d'absence est validée&amp#27;[0m                      &amp#27;[90m# hellocucumber.AbsenceDeclarationSteps.absenceDeclarationIsValidated()&amp#27;[0m
  &amp#27;[32mAnd &amp#27;[0m&amp#27;[32mle RRH reçoit l'email de déclaration d'absence&amp#27;[0m            &amp#27;[90m# hellocucumber.AbsenceDeclarationSteps.hrManagerReceivesAbsenceEmail()&amp#27;[0m
]]></system-out>
  </testcase>
  <testcase name="Example #1.1" classname="Examples" time="0.047">
    <system-out><![CDATA[
Scenario Outline: find the exact day &amp#27;[90m# hellocucumber/what_day_it_is.feature:11&amp#27;[0m
  &amp#27;[32mGiven &amp#27;[0m&amp#27;[32mtoday is &amp#27;[0m&amp#27;[32m&amp#27;[1m"Monday"&amp#27;[0m            &amp#27;[90m# hellocucumber.StepDefinitions.today_is(java.lang.String)&amp#27;[0m
  &amp#27;[32mWhen &amp#27;[0m&amp#27;[32mI ask what day it is&amp#27;[0m          &amp#27;[90m# hellocucumber.StepDefinitions.i_ask_what_day_it_is()&amp#27;[0m
  &amp#27;[32mThen &amp#27;[0m&amp#27;[32mI should be told &amp#27;[0m&amp#27;[32m&amp#27;[1m"Yes"&amp#27;[0m        &amp#27;[90m# hellocucumber.StepDefinitions.i_should_be_told(java.lang.String)&amp#27;[0m
]]></system-out>
  </testcase>
  <testcase name="Example #1.2" classname="Examples" time="0.016">
    <system-out><![CDATA[
Scenario Outline: find the exact day &amp#27;[90m# hellocucumber/what_day_it_is.feature:12&amp#27;[0m
  &amp#27;[32mGiven &amp#27;[0m&amp#27;[32mtoday is &amp#27;[0m&amp#27;[32m&amp#27;[1m"Tuesday"&amp#27;[0m           &amp#27;[90m# hellocucumber.StepDefinitions.today_is(java.lang.String)&amp#27;[0m
  &amp#27;[32mWhen &amp#27;[0m&amp#27;[32mI ask what day it is&amp#27;[0m          &amp#27;[90m# hellocucumber.StepDefinitions.i_ask_what_day_it_is()&amp#27;[0m
  &amp#27;[32mThen &amp#27;[0m&amp#27;[32mI should be told &amp#27;[0m&amp#27;[32m&amp#27;[1m"Yes1"&amp#27;[0m       &amp#27;[90m# hellocucumber.StepDefinitions.i_should_be_told(java.lang.String)&amp#27;[0m
]]></system-out>
  </testcase>
  <testcase name="Example #1.3" classname="Examples" time="0.031">
    <system-out><![CDATA[
Scenario Outline: find the exact day &amp#27;[90m# hellocucumber/what_day_it_is.feature:13&amp#27;[0m
  &amp#27;[32mGiven &amp#27;[0m&amp#27;[32mtoday is &amp#27;[0m&amp#27;[32m&amp#27;[1m"Wednesday"&amp#27;[0m         &amp#27;[90m# hellocucumber.StepDefinitions.today_is(java.lang.String)&amp#27;[0m
  &amp#27;[32mWhen &amp#27;[0m&amp#27;[32mI ask what day it is&amp#27;[0m          &amp#27;[90m# hellocucumber.StepDefinitions.i_ask_what_day_it_is()&amp#27;[0m
  &amp#27;[32mThen &amp#27;[0m&amp#27;[32mI should be told &amp#27;[0m&amp#27;[32m&amp#27;[1m"Yes2"&amp#27;[0m       &amp#27;[90m# hellocucumber.StepDefinitions.i_should_be_told(java.lang.String)&amp#27;[0m
]]></system-out>
  </testcase>
  <testcase name="Example #1.4" classname="Examples" time="0.016">
    <system-out><![CDATA[
Scenario Outline: find the exact day &amp#27;[90m# hellocucumber/what_day_it_is.feature:14&amp#27;[0m
  &amp#27;[32mGiven &amp#27;[0m&amp#27;[32mtoday is &amp#27;[0m&amp#27;[32m&amp#27;[1m"Thursday"&amp#27;[0m          &amp#27;[90m# hellocucumber.StepDefinitions.today_is(java.lang.String)&amp#27;[0m
  &amp#27;[32mWhen &amp#27;[0m&amp#27;[32mI ask what day it is&amp#27;[0m          &amp#27;[90m# hellocucumber.StepDefinitions.i_ask_what_day_it_is()&amp#27;[0m
  &amp#27;[32mThen &amp#27;[0m&amp#27;[32mI should be told &amp#27;[0m&amp#27;[32m&amp#27;[1m"Yes3"&amp#27;[0m       &amp#27;[90m# hellocucumber.StepDefinitions.i_should_be_told(java.lang.String)&amp#27;[0m
]]></system-out>
  </testcase>
  <testcase name="Example #1.5" classname="Examples" time="0.031">
    <system-out><![CDATA[
Scenario Outline: find the exact day &amp#27;[90m# hellocucumber/what_day_it_is.feature:15&amp#27;[0m
  &amp#27;[32mGiven &amp#27;[0m&amp#27;[32mtoday is &amp#27;[0m&amp#27;[32m&amp#27;[1m"Friday"&amp#27;[0m            &amp#27;[90m# hellocucumber.StepDefinitions.today_is(java.lang.String)&amp#27;[0m
  &amp#27;[32mWhen &amp#27;[0m&amp#27;[32mI ask what day it is&amp#27;[0m          &amp#27;[90m# hellocucumber.StepDefinitions.i_ask_what_day_it_is()&amp#27;[0m
  &amp#27;[32mThen &amp#27;[0m&amp#27;[32mI should be told &amp#27;[0m&amp#27;[32m&amp#27;[1m"Yes4"&amp#27;[0m       &amp#27;[90m# hellocucumber.StepDefinitions.i_should_be_told(java.lang.String)&amp#27;[0m
]]></system-out>
  </testcase>
  <testcase name="Example #1.6" classname="Examples" time="0.031">
    <system-out><![CDATA[
Scenario Outline: find the exact day &amp#27;[90m# hellocucumber/what_day_it_is.feature:16&amp#27;[0m
  &amp#27;[32mGiven &amp#27;[0m&amp#27;[32mtoday is &amp#27;[0m&amp#27;[32m&amp#27;[1m"anything else!"&amp#27;[0m    &amp#27;[90m# hellocucumber.StepDefinitions.today_is(java.lang.String)&amp#27;[0m
  &amp#27;[32mWhen &amp#27;[0m&amp#27;[32mI ask what day it is&amp#27;[0m          &amp#27;[90m# hellocucumber.StepDefinitions.i_ask_what_day_it_is()&amp#27;[0m
  &amp#27;[32mThen &amp#27;[0m&amp#27;[32mI should be told &amp#27;[0m&amp#27;[32m&amp#27;[1m"Nope"&amp#27;[0m       &amp#27;[90m# hellocucumber.StepDefinitions.i_should_be_told(java.lang.String)&amp#27;[0m
]]></system-out>
  </testcase>
</testsuite>